<?xml version="1.0" encoding="UTF-8"?>
<!-- Generated by org.testng.reporters.JUnitXMLReporter -->
<testsuite ignored="0" hostname="DESKTOP-3POOLFT" failures="0" tests="4" name="Default test" time="14.942" errors="0" timestamp="2024-03-25T11:26:27 IST">
  <testcase classname="DataproviderPractices.TestcaseExelsheet" name="f" time="2.732"/>
  <testcase classname="DataproviderPractices.TestcaseExelsheet" name="f" time="0.71"/>
  <testcase classname="DataproviderPractices.TestcaseExelsheet" name="f" time="0.599"/>
  <testcase classname="DataproviderPractices.TestcaseExelsheet" name="f" time="0.63"/>
</testsuite> <!-- Default test -->
