<?xml version="1.0" encoding="UTF-8"?>
<!-- Generated by org.testng.reporters.JUnitXMLReporter -->
<testsuite ignored="4" hostname="DESKTOP-3POOLFT" failures="0" tests="2" name="My test" time="0.12" errors="0" timestamp="2024-03-18T13:45:32 IST">
  <testcase classname="TestNGDemos.D06ModularFramework" name="test5" time="0.023"/>
  <testcase classname="TestNGDemos.D06ModularFramework" name="test3" time="0.023"/>
  <testcase classname="TestNGDemos.D06ModularFramework" name="test6" time="0.0">
    <ignored/>
  </testcase> <!-- test6 -->
  <testcase classname="TestNGDemos.D06ModularFramework" name="Test1" time="0.0">
    <ignored/>
  </testcase> <!-- Test1 -->
  <testcase classname="TestNGDemos.D06ModularFramework" name="test4" time="0.0">
    <ignored/>
  </testcase> <!-- test4 -->
  <testcase classname="TestNGDemos.D06ModularFramework" name="Test2" time="0.0">
    <ignored/>
  </testcase> <!-- Test2 -->
</testsuite> <!-- My test -->
